[15:39:05] [Server thread/INFO]: Starting minecraft server version 1.12.2
[15:39:05] [Server thread/INFO]: Loading properties
[15:39:05] [Server thread/WARN]: resource-pack-hash is deprecated. Please use resource-pack-sha1 instead.
[15:39:05] [Server thread/INFO]: Default game type: SURVIVAL
[15:39:05] [Server thread/INFO]: Generating keypair
[15:39:05] [Server thread/INFO]: Starting Minecraft server on *:25565
[15:39:05] [Server thread/INFO]: Using default channel type
[15:39:05] [Server thread/INFO]: Preparing level "world"
[15:39:05] [Server thread/INFO]: Loaded 488 advancements
[15:39:05] [Server thread/INFO]: Preparing start region for level 0
[15:39:06] [Server thread/INFO]: Preparing spawn area: 63%
[15:39:07] [Server thread/INFO]: Done (1.626s)! For help, type "help" or "?"
[15:40:17] [User Authenticator #1/INFO]: UUID of player fishy02 is 0a1169d5-4e96-48f3-9546-05fdbe0b9a21
[15:40:17] [Server thread/INFO]: fishy02[/70.250.117.8:56892] logged in with entity id 264 at (664.5, 129.0, 786.5)
[15:40:17] [Server thread/INFO]: fishy02 joined the game
[15:40:20] [User Authenticator #2/INFO]: UUID of player Icheb is 40779d23-1494-4d5f-9034-c0341263b642
[15:40:20] [Server thread/WARN]: Invalid statistic in .\world\stats\40779d23-1494-4d5f-9034-c0341263b642.json: Don't know what achievement.buildWorkBench is
[15:40:20] [Server thread/WARN]: Invalid statistic in .\world\stats\40779d23-1494-4d5f-9034-c0341263b642.json: Don't know what achievement.exploreAllBiomes is
[15:40:20] [Server thread/WARN]: Invalid statistic in .\world\stats\40779d23-1494-4d5f-9034-c0341263b642.json: Don't know what achievement.buildPickaxe is
[15:40:20] [Server thread/WARN]: Invalid statistic in .\world\stats\40779d23-1494-4d5f-9034-c0341263b642.json: Don't know what achievement.buildBetterPickaxe is
[15:40:20] [Server thread/WARN]: Invalid statistic in .\world\stats\40779d23-1494-4d5f-9034-c0341263b642.json: Don't know what achievement.buildSword is
[15:40:20] [Server thread/WARN]: Invalid statistic in .\world\stats\40779d23-1494-4d5f-9034-c0341263b642.json: Don't know what achievement.mineWood is
[15:40:20] [Server thread/WARN]: Invalid statistic in .\world\stats\40779d23-1494-4d5f-9034-c0341263b642.json: Don't know what achievement.openInventory is
[15:40:20] [Server thread/WARN]: Invalid statistic in .\world\stats\40779d23-1494-4d5f-9034-c0341263b642.json: Don't know what achievement.buildFurnace is
[15:40:20] [Server thread/WARN]: Invalid statistic in .\world\stats\40779d23-1494-4d5f-9034-c0341263b642.json: Don't know what achievement.acquireIron is
[15:40:20] [Server thread/INFO]: Icheb[/192.168.1.254:56735] logged in with entity id 1194 at (678.779222859892, 114.10408037809304, 774.3661648182868)
[15:40:20] [Server thread/INFO]: Icheb joined the game
[15:40:53] [Server thread/INFO]: [Icheb: Set own game mode to Survival Mode]
[15:41:05] [Server thread/INFO]: [Icheb: Opped fishy02]
[15:43:29] [Server thread/INFO]: [Icheb: Set own game mode to Spectator Mode]
[15:43:44] [Server thread/INFO]: [Icheb: Set own game mode to Survival Mode]
[15:46:48] [Server thread/INFO]: [Icheb: Set own game mode to Spectator Mode]
[15:46:53] [Server thread/INFO]: [Icheb: Set own game mode to Survival Mode]
[15:59:00] [Server thread/INFO]: [Icheb: Set own game mode to Spectator Mode]
[15:59:41] [Server thread/INFO]: [Icheb: Set own game mode to Survival Mode]
[16:24:29] [Server thread/INFO]: [Icheb: Game rule keepInventory has been updated to true]
[16:34:58] [Server thread/INFO]: [Icheb: Toggled downfall]
[16:38:16] [Server thread/INFO]: fishy02 tried to swim in lava
[16:47:51] [Server thread/INFO]: fishy02 fell from a high place
[16:49:24] [Server thread/INFO]: [Icheb: Toggled downfall]
[16:49:58] [Server thread/INFO]: [Icheb: Set own game mode to Spectator Mode]
[16:50:22] [Server thread/INFO]: [Icheb: Set own game mode to Survival Mode]
[16:50:33] [Server thread/INFO]: [fishy02: Set own game mode to Adventure Mode]
[16:50:37] [Server thread/INFO]: [fishy02: Set own game mode to Spectator Mode]
[16:52:50] [Server thread/INFO]: [fishy02: Set own game mode to Survival Mode]
[16:56:18] [Server thread/INFO]: [fishy02: Set own game mode to Adventure Mode]
[16:56:23] [Server thread/INFO]: [fishy02: Set own game mode to Spectator Mode]
[16:59:38] [Server thread/INFO]: [Icheb: Set own game mode to Spectator Mode]
[17:01:17] [Server thread/INFO]: [Icheb: Set own game mode to Survival Mode]
[17:02:43] [Server thread/INFO]: [Icheb: Set own game mode to Spectator Mode]
[17:02:51] [Server thread/INFO]: [fishy02: Teleported fishy02 to Icheb]
[17:03:22] [Server thread/INFO]: [Icheb: Set own game mode to Survival Mode]
[17:04:08] [Server thread/INFO]: [fishy02: Toggled downfall]
[17:04:50] [Server thread/INFO]: ThreadedAnvilChunkStorage (world): All chunks are saved
[17:04:50] [Server thread/INFO]: ThreadedAnvilChunkStorage (DIM-1): All chunks are saved
[17:04:50] [Server thread/INFO]: ThreadedAnvilChunkStorage (DIM1): All chunks are saved
[17:04:50] [Server thread/INFO]: [Icheb: Saved the world]
[17:05:25] [Server thread/INFO]: [fishy02: Set own game mode to Survival Mode]
[17:05:33] [Server thread/INFO]: fishy02 lost connection: Disconnected
[17:05:33] [Server thread/INFO]: fishy02 left the game
[17:05:36] [User Authenticator #3/INFO]: UUID of player fishy02 is 0a1169d5-4e96-48f3-9546-05fdbe0b9a21
[17:05:36] [Server thread/INFO]: fishy02[/70.250.117.8:57547] logged in with entity id 1986866 at (622.6751416203792, 83.0, 791.420878472066)
[17:05:36] [Server thread/INFO]: fishy02 joined the game
[17:05:58] [Server thread/INFO]: fishy02 lost connection: Disconnected
[17:05:58] [Server thread/INFO]: fishy02 left the game
[17:07:04] [Server thread/INFO]: [Icheb: Set own game mode to Spectator Mode]
[17:07:34] [Server thread/INFO]: Icheb lost connection: Disconnected
[17:07:34] [Server thread/INFO]: Icheb left the game
[17:07:43] [Server Shutdown Thread/INFO]: Stopping server
[17:07:43] [Server Shutdown Thread/INFO]: Saving players
[17:07:43] [Server Shutdown Thread/INFO]: Saving worlds
[17:07:43] [Server Shutdown Thread/INFO]: Saving chunks for level 'world'/overworld
